<?xml version="1.0" encoding="UTF-8"?>
<testng-results skipped="0" failed="0" total="1" passed="1">
  <reporter-output>
  </reporter-output>
  <suite name="Suite" duration-ms="74675" started-at="2020-07-14T09:52:49Z" finished-at="2020-07-14T09:54:04Z">
    <groups>
    </groups>
    <test name="Test Parameter" duration-ms="74675" started-at="2020-07-14T09:52:49Z" finished-at="2020-07-14T09:54:04Z">
      <class name="girmavenpackage.GitMaven.Test1Test">
        <test-method status="PASS" signature="testclass1(java.lang.String, java.lang.String)[pri:0, instance:girmavenpackage.GitMaven.Test1Test@23a5fd2]" name="testclass1" duration-ms="74635" started-at="2020-07-14T15:22:49Z" finished-at="2020-07-14T15:24:04Z">
          <params>
            <param index="0">
              <value>
                <![CDATA[firefox]]>
              </value>
            </param>
            <param index="1">
              <value>
                <![CDATA[http://www.facebook.com]]>
              </value>
            </param>
          </params>
          <reporter-output>
          </reporter-output>
        </test-method> <!-- testclass1 -->
      </class> <!-- girmavenpackage.GitMaven.Test1Test -->
    </test> <!-- Test Parameter -->
  </suite> <!-- Suite -->
</testng-results>
